12334
763
8349
1010
347
3308
6794
7164
8634
2040
12196
8494
3975
2170
1814
5303
106751.99116730066
267
6408
12820
6474
1452
1775
3678
3839
3482
106751.99116730066
11111
5027
8038
4059
3118
9092
5527
6657
5487
10036
6150
13179
7777
2405
13130
6329
3057
1409
119
15054
5266
12767
5777
1598
2212
2352
929
7750
13635
4767
12846
6041
5584
1475
4731
7178
719
2386
9093
1172
3813
3961
6546
811
4086
1320
9020
6571
4327
1359
175
10722
1557
880
1183
3703
907
2409
10268
6636
1253
1561
1161
2100
14179
3868
676
12720
14508
24
2912
106751.99116730066
1757
